2022-05-06 14:21:09,962 INFO  [org.jboss.modules] (main) JBoss Modules version 2.0.2.Final
2022-05-06 14:21:11,616 INFO  [org.jboss.msc] (main) JBoss MSC version 1.4.13.Final
2022-05-06 14:21:11,623 INFO  [org.jboss.threads] (main) JBoss Threads version 2.4.0.Final
2022-05-06 14:21:11,714 INFO  [org.jboss.as] (MSC service thread 1-2) WFLYSRV0049: WildFly Full 26.1.0.Final (WildFly Core 18.1.0.Final) starting
2022-05-06 14:21:11,715 DEBUG [org.jboss.as.config] (MSC service thread 1-2) Configured system properties:
	file.encoding = Cp1252
	file.separator = \
	java.awt.headless = true
	java.class.path = C:\Users\marcos.luciano\Documents\intellij\wildfly-26.1.0.Final\jboss-modules.jar
	java.class.version = 61.0
	java.home = C:\Users\marcos.luciano\.jdks\openjdk-17.0.2
	java.io.tmpdir = C:\Users\MARCOS~1.LUC\AppData\Local\Temp\
	java.library.path = C:\Users\marcos.luciano\.jdks\openjdk-17.0.2\bin;C:\Windows\Sun\Java\bin;C:\Windows\system32;C:\Windows;C:\Python310\Scripts\;C:\Python310\;C:\Program Files\AdoptOpenJDK\jre-8.0.292.10-hotspot\bin;C:\Windows\system32;C:\Windows;C:\Windows\System32\Wbem;C:\Windows\System32\WindowsPowerShell\v1.0\;C:\Windows\System32\OpenSSH\;C:\Program Files\nodejs\;C:\ProgramData\chocolatey\bin;C:\apache-maven-3.8.5\bin;C:\Program Files (x86)\Windows Kits\10\Windows Performance Toolkit\;C:\Users\marcos.luciano\AppData\Local\Microsoft\WindowsApps;C:\Users\marcos.luciano\AppData\Local\GitHubDesktop\bin;C:\Users\marcos.luciano\AppData\Local\Programs\Microsoft VS Code\bin;C:\Users\marcos.luciano\AppData\Roaming\npm;C:\Users\marcos.luciano\AppData\Local\Programs\Git\cmd;.
	java.net.preferIPv4Stack = true
	java.runtime.name = OpenJDK Runtime Environment
	java.runtime.version = 17.0.2+8-86
	java.security.manager = allow
	java.specification.name = Java Platform API Specification
	java.specification.vendor = Oracle Corporation
	java.specification.version = 17
	java.util.logging.manager = org.jboss.logmanager.LogManager
	java.vendor = Oracle Corporation
	java.vendor.url = https://java.oracle.com/
	java.vendor.url.bug = https://bugreport.java.com/bugreport/
	java.version = 17.0.2
	java.version.date = 2022-01-18
	java.vm.compressedOopsMode = 32-bit
	java.vm.info = mixed mode, sharing
	java.vm.name = OpenJDK 64-Bit Server VM
	java.vm.specification.name = Java Virtual Machine Specification
	java.vm.specification.vendor = Oracle Corporation
	java.vm.specification.version = 17
	java.vm.vendor = Oracle Corporation
	java.vm.version = 17.0.2+8-86
	javax.management.builder.initial = org.jboss.as.jmx.PluggableMBeanServerBuilder
	jboss.home.dir = C:\Users\marcos.luciano\Documents\intellij\wildfly-26.1.0.Final
	jboss.host.name = m-2890
	jboss.modules.dir = C:\Users\marcos.luciano\Documents\intellij\wildfly-26.1.0.Final\modules
	jboss.modules.system.pkgs = org.jboss.byteman
	jboss.node.name = m-2890
	jboss.qualified.host.name = m-2890
	jboss.server.base.dir = C:\Users\marcos.luciano\Documents\intellij\wildfly-26.1.0.Final\standalone
	jboss.server.config.dir = C:\Users\marcos.luciano\Documents\intellij\wildfly-26.1.0.Final\standalone\configuration
	jboss.server.data.dir = C:\Users\marcos.luciano\Documents\intellij\wildfly-26.1.0.Final\standalone\data
	jboss.server.deploy.dir = C:\Users\marcos.luciano\Documents\intellij\wildfly-26.1.0.Final\standalone\data\content
	jboss.server.log.dir = C:\Users\marcos.luciano\Documents\intellij\wildfly-26.1.0.Final\standalone\log
	jboss.server.name = m-2890
	jboss.server.persist.config = true
	jboss.server.temp.dir = C:\Users\marcos.luciano\Documents\intellij\wildfly-26.1.0.Final\standalone\tmp
	jdk.debug = release
	line.separator = 

	logging.configuration = file:C:\Users\marcos.luciano\Documents\intellij\wildfly-26.1.0.Final\standalone\configuration/logging.properties
	module.path = C:\Users\marcos.luciano\Documents\intellij\wildfly-26.1.0.Final\modules
	native.encoding = Cp1252
	org.jboss.boot.log.file = C:\Users\marcos.luciano\Documents\intellij\wildfly-26.1.0.Final\standalone\log\server.log
	org.jboss.resolver.warning = true
	os.arch = amd64
	os.name = Windows 10
	os.version = 10.0
	path.separator = ;
	program.name = standalone.bat
	sun.arch.data.model = 64
	sun.boot.library.path = C:\Users\marcos.luciano\.jdks\openjdk-17.0.2\bin
	sun.cpu.endian = little
	sun.cpu.isalist = amd64
	sun.io.unicode.encoding = UnicodeLittle
	sun.java.command = C:\Users\marcos.luciano\Documents\intellij\wildfly-26.1.0.Final\jboss-modules.jar -mp C:\Users\marcos.luciano\Documents\intellij\wildfly-26.1.0.Final\modules org.jboss.as.standalone -Djboss.home.dir=C:\Users\marcos.luciano\Documents\intellij\wildfly-26.1.0.Final
	sun.java.launcher = SUN_STANDARD
	sun.jnu.encoding = Cp1252
	sun.management.compiler = HotSpot 64-Bit Tiered Compilers
	sun.os.patch.level = 
	user.country = BR
	user.dir = C:\Users\marcos.luciano\Documents\intellij\wildfly-26.1.0.Final\bin
	user.home = C:\Users\marcos.luciano
	user.language = pt
	user.name = marcos.luciano
	user.script = 
	user.timezone = America/Sao_Paulo
	user.variant = 
2022-05-06 14:21:11,723 DEBUG [org.jboss.as.config] (MSC service thread 1-2) VM Arguments: -Dprogram.name=standalone.bat -Xms64M -Xmx512M -XX:MetaspaceSize=96M -XX:MaxMetaspaceSize=256m -Djava.net.preferIPv4Stack=true -Djboss.modules.system.pkgs=org.jboss.byteman -Djava.awt.headless=true --add-exports=java.desktop/sun.awt=ALL-UNNAMED --add-exports=java.naming/com.sun.jndi.ldap=ALL-UNNAMED --add-opens=java.base/java.lang=ALL-UNNAMED --add-opens=java.base/java.lang.invoke=ALL-UNNAMED --add-opens=java.base/java.io=ALL-UNNAMED --add-opens=java.base/java.lang.reflect=ALL-UNNAMED --add-opens=java.base/java.security=ALL-UNNAMED --add-opens=java.base/java.util=ALL-UNNAMED --add-opens=java.base/java.util.concurrent=ALL-UNNAMED --add-opens=java.management/javax.management=ALL-UNNAMED --add-opens=java.naming/javax.naming=ALL-UNNAMED -Djava.security.manager=allow -Dorg.jboss.boot.log.file=C:\Users\marcos.luciano\Documents\intellij\wildfly-26.1.0.Final\standalone\log\server.log -Dlogging.configuration=file:C:\Users\marcos.luciano\Documents\intellij\wildfly-26.1.0.Final\standalone\configuration/logging.properties 
2022-05-06 14:21:13,253 INFO  [org.wildfly.security] (ServerService Thread Pool -- 27) ELY00001: WildFly Elytron version 1.19.0.Final
2022-05-06 14:21:14,621 INFO  [org.jboss.as.server] (Controller Boot Thread) WFLYSRV0039: Creating http management service using socket-binding (management-http)
2022-05-06 14:21:14,635 INFO  [org.xnio] (MSC service thread 1-4) XNIO version 3.8.6.Final
2022-05-06 14:21:14,640 INFO  [org.xnio.nio] (MSC service thread 1-4) XNIO NIO Implementation Version 3.8.6.Final
2022-05-06 14:21:14,670 INFO  [org.jboss.as.jaxrs] (ServerService Thread Pool -- 56) WFLYRS0016: RESTEasy version 4.7.4.Final
2022-05-06 14:21:14,677 WARN  [org.jboss.as.txn] (ServerService Thread Pool -- 74) WFLYTX0013: The node-identifier attribute on the /subsystem=transactions is set to the default value. This is a danger for environments running multiple servers. Please make sure the attribute value is unique.
2022-05-06 14:21:14,681 INFO  [org.wildfly.extension.elytron.oidc._private] (ServerService Thread Pool -- 52) WFLYOIDC0001: Activating WildFly Elytron OIDC Subsystem
2022-05-06 14:21:14,682 INFO  [org.jboss.as.naming] (ServerService Thread Pool -- 67) WFLYNAM0001: Activating Naming Subsystem
2022-05-06 14:21:14,688 INFO  [org.wildfly.extension.microprofile.jwt.smallrye] (ServerService Thread Pool -- 65) WFLYJWT0001: Activating MicroProfile JWT Subsystem
2022-05-06 14:21:14,691 INFO  [org.wildfly.extension.microprofile.config.smallrye] (ServerService Thread Pool -- 64) WFLYCONF0001: Activating MicroProfile Config Subsystem
2022-05-06 14:21:14,712 INFO  [org.wildfly.extension.health] (ServerService Thread Pool -- 53) WFLYHEALTH0001: Activating Base Health Subsystem
2022-05-06 14:21:14,713 INFO  [org.jboss.as.clustering.infinispan] (ServerService Thread Pool -- 54) WFLYCLINF0001: Activating Infinispan subsystem.
2022-05-06 14:21:14,713 INFO  [org.jboss.as.webservices] (ServerService Thread Pool -- 76) WFLYWS0002: Activating WebServices Extension
2022-05-06 14:21:14,713 INFO  [org.wildfly.extension.microprofile.opentracing] (ServerService Thread Pool -- 66) WFLYTRACEXT0001: Activating MicroProfile OpenTracing Subsystem
2022-05-06 14:21:14,715 INFO  [org.jboss.as.jsf] (ServerService Thread Pool -- 61) WFLYJSF0007: Activated the following Jakarta Server Faces Implementations: [main]
2022-05-06 14:21:14,736 INFO  [org.wildfly.extension.metrics] (ServerService Thread Pool -- 63) WFLYMETRICS0001: Activating Base Metrics Subsystem
2022-05-06 14:21:14,790 INFO  [org.wildfly.extension.io] (ServerService Thread Pool -- 55) WFLYIO001: Worker 'default' has auto-configured to 16 IO threads with 128 max task threads based on your 8 available processors
2022-05-06 14:21:15,191 INFO  [org.jboss.as.ejb3] (MSC service thread 1-1) WFLYEJB0493: Jakarta Enterprise Beans subsystem suspension complete
2022-05-06 14:21:14,955 INFO  [org.jboss.remoting] (MSC service thread 1-3) JBoss Remoting version 5.0.24.Final
2022-05-06 14:21:14,951 WARN  [org.wildfly.extension.elytron] (MSC service thread 1-4) WFLYELY00023: KeyStore file 'C:\Users\marcos.luciano\Documents\intellij\wildfly-26.1.0.Final\standalone\configuration\application.keystore' does not exist. Used blank.
2022-05-06 14:21:14,942 INFO  [org.wildfly.extension.undertow] (ServerService Thread Pool -- 75) WFLYUT0014: Creating file handler for path 'C:\Users\marcos.luciano\Documents\intellij\wildfly-26.1.0.Final/welcome-content' with options [directory-listing: 'false', follow-symlink: 'false', case-sensitive: 'true', safe-symlink-paths: '[]']
2022-05-06 14:21:14,924 INFO  [org.jboss.as.connector.subsystems.datasources] (ServerService Thread Pool -- 44) WFLYJCA0005: Deploying non-JDBC-compliant driver class org.postgresql.Driver (version 42.3)
2022-05-06 14:21:14,849 INFO  [org.jboss.as.naming] (MSC service thread 1-7) WFLYNAM0003: Starting Naming Service
2022-05-06 14:21:14,851 INFO  [org.jboss.as.mail.extension] (MSC service thread 1-6) WFLYMAIL0001: Bound mail session [java:jboss/mail/Default]
2022-05-06 14:21:14,843 INFO  [org.wildfly.extension.undertow] (MSC service thread 1-5) WFLYUT0003: Undertow 2.2.16.Final starting
2022-05-06 14:21:14,798 INFO  [org.jboss.as.connector] (MSC service thread 1-8) WFLYJCA0009: Starting Jakarta Connectors Subsystem (WildFly/IronJacamar 1.5.3.Final)
2022-05-06 14:21:21,135 INFO  [org.jboss.as.connector.deployers.jdbc] (MSC service thread 1-8) WFLYJCA0018: Started Driver service with driver-name = postgresql
2022-05-06 14:21:21,137 INFO  [org.jboss.as.ejb3] (MSC service thread 1-2) WFLYEJB0481: Strict pool slsb-strict-max-pool is using a max instance size of 128 (per class), which is derived from thread worker pool sizing.
2022-05-06 14:21:21,137 INFO  [org.jboss.as.ejb3] (MSC service thread 1-5) WFLYEJB0482: Strict pool mdb-strict-max-pool is using a max instance size of 32 (per class), which is derived from the number of CPUs on this host.
2022-05-06 14:21:21,146 WARN  [org.wildfly.extension.elytron] (MSC service thread 1-2) WFLYELY01084: KeyStore C:\Users\marcos.luciano\Documents\intellij\wildfly-26.1.0.Final\standalone\configuration\application.keystore not found, it will be auto generated on first use with a self-signed certificate for host localhost
2022-05-06 14:21:21,218 INFO  [org.wildfly.extension.undertow] (MSC service thread 1-8) WFLYUT0012: Started server default-server.
2022-05-06 14:21:21,220 INFO  [org.wildfly.extension.undertow] (MSC service thread 1-1) Queuing requests.
2022-05-06 14:21:21,223 INFO  [org.wildfly.extension.undertow] (MSC service thread 1-8) WFLYUT0006: Undertow HTTP listener default listening on 127.0.0.1:8080
2022-05-06 14:21:21,224 INFO  [org.wildfly.extension.undertow] (MSC service thread 1-1) WFLYUT0018: Host default-host starting
2022-05-06 14:21:21,243 INFO  [org.jboss.as.patching] (MSC service thread 1-3) WFLYPAT0050: WildFly Full cumulative patch ID is: base, one-off patches include: none
2022-05-06 14:21:21,247 INFO  [org.jboss.as.server.deployment.scanner] (MSC service thread 1-2) WFLYDS0013: Started FileSystemDeploymentService for directory C:\Users\marcos.luciano\Documents\intellij\wildfly-26.1.0.Final\standalone\deployments
2022-05-06 14:21:21,302 INFO  [org.jboss.as.connector.subsystems.datasources] (MSC service thread 1-2) WFLYJCA0001: Bound data source [java:jboss/datasources/CrudDS]
2022-05-06 14:21:21,321 INFO  [org.wildfly.extension.undertow] (MSC service thread 1-5) WFLYUT0006: Undertow HTTPS listener https listening on 127.0.0.1:8443
2022-05-06 14:21:21,501 INFO  [org.jboss.ws.common.management] (MSC service thread 1-5) JBWS022052: Starting JBossWS 5.4.4.Final (Apache CXF 3.4.5) 
2022-05-06 14:21:21,728 INFO  [org.jboss.as.server] (Controller Boot Thread) WFLYSRV0212: Resuming server
2022-05-06 14:21:21,731 INFO  [org.jboss.as] (Controller Boot Thread) WFLYSRV0025: WildFly Full 26.1.0.Final (WildFly Core 18.1.0.Final) started in 15588ms - Started 298 of 538 services (337 services are lazy, passive or on-demand) - Server configuration file in use: standalone.xml
2022-05-06 14:21:21,736 INFO  [org.jboss.as] (Controller Boot Thread) WFLYSRV0060: Http management interface listening on http://127.0.0.1:9990/management
2022-05-06 14:21:21,736 INFO  [org.jboss.as] (Controller Boot Thread) WFLYSRV0051: Admin console listening on http://127.0.0.1:9990
2022-05-06 14:21:23,416 INFO  [org.jboss.as.server.deployment] (MSC service thread 1-3) WFLYSRV0027: Starting deployment of "crudjsp-1.0-SNAPSHOT.war" (runtime-name: "crudjsp-1.0-SNAPSHOT.war")
2022-05-06 14:21:27,411 INFO  [org.jboss.as.jpa] (MSC service thread 1-3) WFLYJPA0002: Read persistence.xml for default
2022-05-06 14:21:27,605 INFO  [org.jipijapa] (MSC service thread 1-5) JIPIORMV53020253: Second level cache enabled for crudjsp-1.0-SNAPSHOT.war#default
2022-05-06 14:21:27,865 INFO  [org.jboss.weld.deployer] (MSC service thread 1-4) WFLYWELD0003: Processing weld deployment crudjsp-1.0-SNAPSHOT.war
2022-05-06 14:21:27,998 INFO  [org.hibernate.validator.internal.util.Version] (MSC service thread 1-4) HV000001: Hibernate Validator 6.0.23.Final
2022-05-06 14:21:28,029 INFO  [org.infinispan.CONTAINER] (ServerService Thread Pool -- 22) ISPN000128: Infinispan version: Infinispan 'Triskaidekaphobia' 13.0.8.Final
2022-05-06 14:21:28,151 INFO  [org.infinispan.CONTAINER] (ServerService Thread Pool -- 22) ISPN000556: Starting user marshaller 'org.wildfly.clustering.infinispan.marshalling.jboss.JBossMarshaller'
2022-05-06 14:21:28,318 INFO  [org.infinispan.CONTAINER] (ServerService Thread Pool -- 78) ISPN000556: Starting user marshaller 'org.wildfly.clustering.infinispan.spi.marshalling.InfinispanProtoStreamMarshaller'
2022-05-06 14:21:28,353 INFO  [io.jaegertracing.internal.JaegerTracer] (MSC service thread 1-4) No shutdown hook registered: Please call close() manually on application shutdown.
2022-05-06 14:21:28,355 INFO  [org.wildfly.microprofile.opentracing.smallrye] (MSC service thread 1-4) WFLYTRAC0001: Tracer initialized: JaegerTracer(version=Java-1.6.0, serviceName=crudjsp-1.0-SNAPSHOT.war, reporter=RemoteReporter(sender=org.wildfly.extension.microprofile.opentracing.spi.sender.WildFlySender@dc8d907, closeEnqueueTimeout=1000), sampler=ConstSampler(decision=true, tags={sampler.type=const, sampler.param=true}), tags={hostname=M-2890, jaeger.version=Java-1.6.0, ip=192.168.56.1}, zipkinSharedRpcSpan=false, expandExceptionLogs=false, useTraceId128Bit=false)
2022-05-06 14:21:28,427 INFO  [org.jipijapa] (MSC service thread 1-4) JIPIORMV53020253: Second level cache enabled for crudjsp-1.0-SNAPSHOT.war#default
2022-05-06 14:21:28,564 INFO  [org.jboss.weld.Version] (MSC service thread 1-4) WELD-000900: 3.1.9 (Final)
2022-05-06 14:21:28,682 INFO  [org.infinispan.CONFIG] (MSC service thread 1-6) ISPN000152: Passivation configured without an eviction policy being selected. Only manually evicted entities will be passivated.
2022-05-06 14:21:28,684 INFO  [org.infinispan.CONFIG] (MSC service thread 1-6) ISPN000152: Passivation configured without an eviction policy being selected. Only manually evicted entities will be passivated.
2022-05-06 14:21:28,698 INFO  [org.infinispan.CONTAINER] (ServerService Thread Pool -- 22) ISPN000025: wakeUpInterval is <= 0, not starting expired purge thread
2022-05-06 14:21:28,702 INFO  [org.jboss.as.clustering.infinispan] (ServerService Thread Pool -- 22) WFLYCLINF0002: Started http-remoting-connector cache from ejb container
2022-05-06 14:21:28,824 ERROR [org.jboss.as.controller.management-operation] (management-handler-thread - 1) WFLYCTL0013: Operation ("deploy") failed - address: ([("deployment" => "crudjsp-1.0-SNAPSHOT.war")]) - failure description: {
    "WFLYCTL0412: Required services that are not installed:" => ["jboss.naming.context.java.jboss.datasources.ExampleDS"],
    "WFLYCTL0180: Services with missing/unavailable dependencies" => [
        "jboss.naming.context.java.module.\"crudjsp-1.0-SNAPSHOT\".\"crudjsp-1.0-SNAPSHOT\".DefaultDataSource is missing [jboss.naming.context.java.jboss.datasources.ExampleDS]",
        "jboss.persistenceunit.\"crudjsp-1.0-SNAPSHOT.war#default\" is missing [jboss.naming.context.java.jboss.datasources.ExampleDS]",
        "jboss.persistenceunit.\"crudjsp-1.0-SNAPSHOT.war#default\".__FIRST_PHASE__ is missing [jboss.naming.context.java.jboss.datasources.ExampleDS]"
    ]
}
2022-05-06 14:21:28,825 ERROR [org.jboss.as.controller.management-operation] (management-handler-thread - 1) WFLYCTL0013: Operation ("deploy") failed - address: ([("deployment" => "crudjsp-1.0-SNAPSHOT.war")]) - failure description: {
    "WFLYCTL0412: Required services that are not installed:" => ["jboss.naming.context.java.jboss.datasources.ExampleDS"],
    "WFLYCTL0180: Services with missing/unavailable dependencies" => [
        "jboss.naming.context.java.module.\"crudjsp-1.0-SNAPSHOT\".\"crudjsp-1.0-SNAPSHOT\".DefaultDataSource is missing [jboss.naming.context.java.jboss.datasources.ExampleDS]",
        "jboss.persistenceunit.\"crudjsp-1.0-SNAPSHOT.war#default\" is missing [jboss.naming.context.java.jboss.datasources.ExampleDS]",
        "jboss.persistenceunit.\"crudjsp-1.0-SNAPSHOT.war#default\".__FIRST_PHASE__ is missing [jboss.naming.context.java.jboss.datasources.ExampleDS]"
    ]
}
2022-05-06 14:21:28,827 ERROR [org.jboss.as.server] (management-handler-thread - 1) WFLYSRV0021: Deploy of deployment "crudjsp-1.0-SNAPSHOT.war" was rolled back with the following failure message: 
{
    "WFLYCTL0412: Required services that are not installed:" => ["jboss.naming.context.java.jboss.datasources.ExampleDS"],
    "WFLYCTL0180: Services with missing/unavailable dependencies" => [
        "jboss.naming.context.java.module.\"crudjsp-1.0-SNAPSHOT\".\"crudjsp-1.0-SNAPSHOT\".DefaultDataSource is missing [jboss.naming.context.java.jboss.datasources.ExampleDS]",
        "jboss.persistenceunit.\"crudjsp-1.0-SNAPSHOT.war#default\" is missing [jboss.naming.context.java.jboss.datasources.ExampleDS]",
        "jboss.persistenceunit.\"crudjsp-1.0-SNAPSHOT.war#default\".__FIRST_PHASE__ is missing [jboss.naming.context.java.jboss.datasources.ExampleDS]"
    ]
}
2022-05-06 14:21:28,892 INFO  [org.jboss.as.server.deployment] (MSC service thread 1-7) WFLYSRV0028: Stopped deployment crudjsp-1.0-SNAPSHOT.war (runtime-name: crudjsp-1.0-SNAPSHOT.war) in 65ms
2022-05-06 14:25:06,697 INFO  [org.jboss.as.server] (management-handler-thread - 1) WFLYSRV0272: Suspending server
2022-05-06 14:25:06,699 INFO  [org.jboss.as.ejb3] (management-handler-thread - 1) WFLYEJB0493: Jakarta Enterprise Beans subsystem suspension complete
2022-05-06 14:25:06,701 INFO  [org.jboss.as.server] (Management Triggered Shutdown) WFLYSRV0241: Shutting down in response to management operation 'shutdown'
2022-05-06 14:25:06,710 INFO  [org.jboss.as.connector.subsystems.datasources] (MSC service thread 1-2) WFLYJCA0010: Unbound data source [java:jboss/datasources/CrudDS]
2022-05-06 14:25:06,712 INFO  [org.jboss.as.mail.extension] (MSC service thread 1-5) WFLYMAIL0002: Unbound mail session [java:jboss/mail/Default]
2022-05-06 14:25:06,713 INFO  [org.wildfly.extension.undertow] (MSC service thread 1-1) WFLYUT0019: Host default-host stopping
2022-05-06 14:25:06,714 INFO  [org.wildfly.extension.undertow] (MSC service thread 1-8) WFLYUT0008: Undertow HTTPS listener https suspending
2022-05-06 14:25:06,714 INFO  [org.wildfly.extension.undertow] (MSC service thread 1-8) WFLYUT0007: Undertow HTTPS listener https stopped, was bound to 127.0.0.1:8443
2022-05-06 14:25:06,718 INFO  [org.jboss.as.connector.deployers.jdbc] (MSC service thread 1-2) WFLYJCA0019: Stopped Driver service with driver-name = postgresql
2022-05-06 14:25:06,722 INFO  [org.wildfly.extension.undertow] (MSC service thread 1-3) WFLYUT0008: Undertow HTTP listener default suspending
2022-05-06 14:25:06,723 INFO  [org.wildfly.extension.undertow] (MSC service thread 1-3) WFLYUT0007: Undertow HTTP listener default stopped, was bound to 127.0.0.1:8080
2022-05-06 14:25:06,728 INFO  [org.jboss.as.clustering.infinispan] (ServerService Thread Pool -- 81) WFLYCLINF0003: Stopped http-remoting-connector cache from ejb container
2022-05-06 14:25:06,736 INFO  [org.wildfly.extension.undertow] (MSC service thread 1-3) WFLYUT0004: Undertow 2.2.16.Final stopping
2022-05-06 14:25:06,750 INFO  [org.jboss.as] (MSC service thread 1-2) WFLYSRV0050: WildFly Full 26.1.0.Final (WildFly Core 18.1.0.Final) stopped in 42ms
2022-05-06 14:25:13,323 INFO  [org.jboss.modules] (main) JBoss Modules version 2.0.2.Final
2022-05-06 14:25:14,386 INFO  [org.jboss.msc] (main) JBoss MSC version 1.4.13.Final
2022-05-06 14:25:14,395 INFO  [org.jboss.threads] (main) JBoss Threads version 2.4.0.Final
2022-05-06 14:25:14,493 INFO  [org.jboss.as] (MSC service thread 1-2) WFLYSRV0049: WildFly Full 26.1.0.Final (WildFly Core 18.1.0.Final) starting
2022-05-06 14:25:14,495 DEBUG [org.jboss.as.config] (MSC service thread 1-2) Configured system properties:
	file.encoding = Cp1252
	file.separator = \
	java.awt.headless = true
	java.class.path = C:\Users\marcos.luciano\Documents\intellij\wildfly-26.1.0.Final\jboss-modules.jar
	java.class.version = 61.0
	java.home = C:\Users\marcos.luciano\.jdks\openjdk-17.0.2
	java.io.tmpdir = C:\Users\MARCOS~1.LUC\AppData\Local\Temp\
	java.library.path = C:\Users\marcos.luciano\.jdks\openjdk-17.0.2\bin;C:\Windows\Sun\Java\bin;C:\Windows\system32;C:\Windows;C:\Python310\Scripts\;C:\Python310\;C:\Program Files\AdoptOpenJDK\jre-8.0.292.10-hotspot\bin;C:\Windows\system32;C:\Windows;C:\Windows\System32\Wbem;C:\Windows\System32\WindowsPowerShell\v1.0\;C:\Windows\System32\OpenSSH\;C:\Program Files\nodejs\;C:\ProgramData\chocolatey\bin;C:\apache-maven-3.8.5\bin;C:\Program Files (x86)\Windows Kits\10\Windows Performance Toolkit\;C:\Users\marcos.luciano\AppData\Local\Microsoft\WindowsApps;C:\Users\marcos.luciano\AppData\Local\GitHubDesktop\bin;C:\Users\marcos.luciano\AppData\Local\Programs\Microsoft VS Code\bin;C:\Users\marcos.luciano\AppData\Roaming\npm;C:\Users\marcos.luciano\AppData\Local\Programs\Git\cmd;.
	java.net.preferIPv4Stack = true
	java.runtime.name = OpenJDK Runtime Environment
	java.runtime.version = 17.0.2+8-86
	java.security.manager = allow
	java.specification.name = Java Platform API Specification
	java.specification.vendor = Oracle Corporation
	java.specification.version = 17
	java.util.logging.manager = org.jboss.logmanager.LogManager
	java.vendor = Oracle Corporation
	java.vendor.url = https://java.oracle.com/
	java.vendor.url.bug = https://bugreport.java.com/bugreport/
	java.version = 17.0.2
	java.version.date = 2022-01-18
	java.vm.compressedOopsMode = 32-bit
	java.vm.info = mixed mode, sharing
	java.vm.name = OpenJDK 64-Bit Server VM
	java.vm.specification.name = Java Virtual Machine Specification
	java.vm.specification.vendor = Oracle Corporation
	java.vm.specification.version = 17
	java.vm.vendor = Oracle Corporation
	java.vm.version = 17.0.2+8-86
	javax.management.builder.initial = org.jboss.as.jmx.PluggableMBeanServerBuilder
	jboss.home.dir = C:\Users\marcos.luciano\Documents\intellij\wildfly-26.1.0.Final
	jboss.host.name = m-2890
	jboss.modules.dir = C:\Users\marcos.luciano\Documents\intellij\wildfly-26.1.0.Final\modules
	jboss.modules.system.pkgs = org.jboss.byteman
	jboss.node.name = m-2890
	jboss.qualified.host.name = m-2890
	jboss.server.base.dir = C:\Users\marcos.luciano\Documents\intellij\wildfly-26.1.0.Final\standalone
	jboss.server.config.dir = C:\Users\marcos.luciano\Documents\intellij\wildfly-26.1.0.Final\standalone\configuration
	jboss.server.data.dir = C:\Users\marcos.luciano\Documents\intellij\wildfly-26.1.0.Final\standalone\data
	jboss.server.deploy.dir = C:\Users\marcos.luciano\Documents\intellij\wildfly-26.1.0.Final\standalone\data\content
	jboss.server.log.dir = C:\Users\marcos.luciano\Documents\intellij\wildfly-26.1.0.Final\standalone\log
	jboss.server.name = m-2890
	jboss.server.persist.config = true
	jboss.server.temp.dir = C:\Users\marcos.luciano\Documents\intellij\wildfly-26.1.0.Final\standalone\tmp
	jdk.debug = release
	line.separator = 

	logging.configuration = file:C:\Users\marcos.luciano\Documents\intellij\wildfly-26.1.0.Final\standalone\configuration/logging.properties
	module.path = C:\Users\marcos.luciano\Documents\intellij\wildfly-26.1.0.Final\modules
	native.encoding = Cp1252
	org.jboss.boot.log.file = C:\Users\marcos.luciano\Documents\intellij\wildfly-26.1.0.Final\standalone\log\server.log
	org.jboss.resolver.warning = true
	os.arch = amd64
	os.name = Windows 10
	os.version = 10.0
	path.separator = ;
	program.name = standalone.bat
	sun.arch.data.model = 64
	sun.boot.library.path = C:\Users\marcos.luciano\.jdks\openjdk-17.0.2\bin
	sun.cpu.endian = little
	sun.cpu.isalist = amd64
	sun.io.unicode.encoding = UnicodeLittle
	sun.java.command = C:\Users\marcos.luciano\Documents\intellij\wildfly-26.1.0.Final\jboss-modules.jar -mp C:\Users\marcos.luciano\Documents\intellij\wildfly-26.1.0.Final\modules org.jboss.as.standalone -Djboss.home.dir=C:\Users\marcos.luciano\Documents\intellij\wildfly-26.1.0.Final
	sun.java.launcher = SUN_STANDARD
	sun.jnu.encoding = Cp1252
	sun.management.compiler = HotSpot 64-Bit Tiered Compilers
	sun.os.patch.level = 
	user.country = BR
	user.dir = C:\Users\marcos.luciano\Documents\intellij\wildfly-26.1.0.Final\bin
	user.home = C:\Users\marcos.luciano
	user.language = pt
	user.name = marcos.luciano
	user.script = 
	user.timezone = America/Sao_Paulo
	user.variant = 
2022-05-06 14:25:14,498 DEBUG [org.jboss.as.config] (MSC service thread 1-2) VM Arguments: -Dprogram.name=standalone.bat -Xms64M -Xmx512M -XX:MetaspaceSize=96M -XX:MaxMetaspaceSize=256m -Djava.net.preferIPv4Stack=true -Djboss.modules.system.pkgs=org.jboss.byteman -Djava.awt.headless=true --add-exports=java.desktop/sun.awt=ALL-UNNAMED --add-exports=java.naming/com.sun.jndi.ldap=ALL-UNNAMED --add-opens=java.base/java.lang=ALL-UNNAMED --add-opens=java.base/java.lang.invoke=ALL-UNNAMED --add-opens=java.base/java.io=ALL-UNNAMED --add-opens=java.base/java.lang.reflect=ALL-UNNAMED --add-opens=java.base/java.security=ALL-UNNAMED --add-opens=java.base/java.util=ALL-UNNAMED --add-opens=java.base/java.util.concurrent=ALL-UNNAMED --add-opens=java.management/javax.management=ALL-UNNAMED --add-opens=java.naming/javax.naming=ALL-UNNAMED -Djava.security.manager=allow -Dorg.jboss.boot.log.file=C:\Users\marcos.luciano\Documents\intellij\wildfly-26.1.0.Final\standalone\log\server.log -Dlogging.configuration=file:C:\Users\marcos.luciano\Documents\intellij\wildfly-26.1.0.Final\standalone\configuration/logging.properties 
2022-05-06 14:25:15,190 INFO  [org.wildfly.security] (ServerService Thread Pool -- 27) ELY00001: WildFly Elytron version 1.19.0.Final
2022-05-06 14:25:16,682 INFO  [org.jboss.as.server] (Controller Boot Thread) WFLYSRV0039: Creating http management service using socket-binding (management-http)
2022-05-06 14:25:16,700 INFO  [org.xnio] (MSC service thread 1-4) XNIO version 3.8.6.Final
2022-05-06 14:25:16,708 INFO  [org.xnio.nio] (MSC service thread 1-4) XNIO NIO Implementation Version 3.8.6.Final
2022-05-06 14:25:16,747 INFO  [org.jboss.as.jaxrs] (ServerService Thread Pool -- 56) WFLYRS0016: RESTEasy version 4.7.4.Final
2022-05-06 14:25:16,759 INFO  [org.wildfly.extension.microprofile.jwt.smallrye] (ServerService Thread Pool -- 65) WFLYJWT0001: Activating MicroProfile JWT Subsystem
2022-05-06 14:25:16,760 WARN  [org.jboss.as.txn] (ServerService Thread Pool -- 74) WFLYTX0013: The node-identifier attribute on the /subsystem=transactions is set to the default value. This is a danger for environments running multiple servers. Please make sure the attribute value is unique.
2022-05-06 14:25:16,761 INFO  [org.wildfly.extension.elytron.oidc._private] (ServerService Thread Pool -- 52) WFLYOIDC0001: Activating WildFly Elytron OIDC Subsystem
2022-05-06 14:25:16,761 INFO  [org.wildfly.extension.microprofile.config.smallrye] (ServerService Thread Pool -- 64) WFLYCONF0001: Activating MicroProfile Config Subsystem
2022-05-06 14:25:16,768 INFO  [org.wildfly.extension.health] (ServerService Thread Pool -- 53) WFLYHEALTH0001: Activating Base Health Subsystem
2022-05-06 14:25:16,773 INFO  [org.jboss.as.clustering.infinispan] (ServerService Thread Pool -- 54) WFLYCLINF0001: Activating Infinispan subsystem.
2022-05-06 14:25:16,786 INFO  [org.wildfly.extension.microprofile.opentracing] (ServerService Thread Pool -- 66) WFLYTRACEXT0001: Activating MicroProfile OpenTracing Subsystem
2022-05-06 14:25:16,787 INFO  [org.jboss.as.jsf] (ServerService Thread Pool -- 61) WFLYJSF0007: Activated the following Jakarta Server Faces Implementations: [main]
2022-05-06 14:25:16,791 INFO  [org.wildfly.extension.metrics] (ServerService Thread Pool -- 63) WFLYMETRICS0001: Activating Base Metrics Subsystem
2022-05-06 14:25:16,814 INFO  [org.jboss.as.naming] (ServerService Thread Pool -- 67) WFLYNAM0001: Activating Naming Subsystem
2022-05-06 14:25:16,815 INFO  [org.jboss.as.webservices] (ServerService Thread Pool -- 76) WFLYWS0002: Activating WebServices Extension
2022-05-06 14:25:16,843 INFO  [org.jboss.as.connector] (MSC service thread 1-2) WFLYJCA0009: Starting Jakarta Connectors Subsystem (WildFly/IronJacamar 1.5.3.Final)
2022-05-06 14:25:16,895 INFO  [org.wildfly.extension.undertow] (MSC service thread 1-5) WFLYUT0003: Undertow 2.2.16.Final starting
2022-05-06 14:25:16,917 INFO  [org.jboss.as.connector.subsystems.datasources] (ServerService Thread Pool -- 44) WFLYJCA0005: Deploying non-JDBC-compliant driver class org.postgresql.Driver (version 42.3)
2022-05-06 14:25:16,943 INFO  [org.jboss.as.connector.deployers.jdbc] (MSC service thread 1-1) WFLYJCA0018: Started Driver service with driver-name = postgresql
2022-05-06 14:25:16,944 INFO  [org.jboss.as.naming] (MSC service thread 1-2) WFLYNAM0003: Starting Naming Service
2022-05-06 14:25:16,945 INFO  [org.jboss.as.mail.extension] (MSC service thread 1-6) WFLYMAIL0001: Bound mail session [java:jboss/mail/Default]
2022-05-06 14:25:16,979 INFO  [org.wildfly.extension.io] (ServerService Thread Pool -- 55) WFLYIO001: Worker 'default' has auto-configured to 16 IO threads with 128 max task threads based on your 8 available processors
2022-05-06 14:25:17,003 WARN  [org.wildfly.extension.elytron] (MSC service thread 1-1) WFLYELY00023: KeyStore file 'C:\Users\marcos.luciano\Documents\intellij\wildfly-26.1.0.Final\standalone\configuration\application.keystore' does not exist. Used blank.
2022-05-06 14:25:17,038 WARN  [org.wildfly.extension.elytron] (MSC service thread 1-3) WFLYELY01084: KeyStore C:\Users\marcos.luciano\Documents\intellij\wildfly-26.1.0.Final\standalone\configuration\application.keystore not found, it will be auto generated on first use with a self-signed certificate for host localhost
2022-05-06 14:25:17,049 INFO  [org.wildfly.extension.undertow] (ServerService Thread Pool -- 75) WFLYUT0014: Creating file handler for path 'C:\Users\marcos.luciano\Documents\intellij\wildfly-26.1.0.Final/welcome-content' with options [directory-listing: 'false', follow-symlink: 'false', case-sensitive: 'true', safe-symlink-paths: '[]']
2022-05-06 14:25:17,113 INFO  [org.jboss.remoting] (MSC service thread 1-8) JBoss Remoting version 5.0.24.Final
2022-05-06 14:25:17,125 INFO  [org.wildfly.extension.undertow] (MSC service thread 1-3) WFLYUT0012: Started server default-server.
2022-05-06 14:25:17,127 INFO  [org.wildfly.extension.undertow] (MSC service thread 1-3) Queuing requests.
2022-05-06 14:25:17,130 INFO  [org.wildfly.extension.undertow] (MSC service thread 1-3) WFLYUT0018: Host default-host starting
2022-05-06 14:25:17,156 INFO  [org.jboss.as.ejb3] (MSC service thread 1-4) WFLYEJB0481: Strict pool slsb-strict-max-pool is using a max instance size of 128 (per class), which is derived from thread worker pool sizing.
2022-05-06 14:25:17,156 INFO  [org.jboss.as.ejb3] (MSC service thread 1-7) WFLYEJB0482: Strict pool mdb-strict-max-pool is using a max instance size of 32 (per class), which is derived from the number of CPUs on this host.
2022-05-06 14:25:17,197 INFO  [org.wildfly.extension.undertow] (MSC service thread 1-3) WFLYUT0006: Undertow HTTP listener default listening on 127.0.0.1:8080
2022-05-06 14:25:17,324 INFO  [org.wildfly.extension.undertow] (MSC service thread 1-7) WFLYUT0006: Undertow HTTPS listener https listening on 127.0.0.1:8443
2022-05-06 14:25:17,447 INFO  [org.jboss.as.ejb3] (MSC service thread 1-1) WFLYEJB0493: Jakarta Enterprise Beans subsystem suspension complete
2022-05-06 14:25:17,609 INFO  [org.jboss.as.connector.subsystems.datasources] (MSC service thread 1-8) WFLYJCA0001: Bound data source [java:jboss/datasources/CrudDS]
2022-05-06 14:25:17,759 INFO  [org.jboss.as.patching] (MSC service thread 1-2) WFLYPAT0050: WildFly Full cumulative patch ID is: base, one-off patches include: none
2022-05-06 14:25:17,775 INFO  [org.jboss.as.server.deployment.scanner] (MSC service thread 1-1) WFLYDS0013: Started FileSystemDeploymentService for directory C:\Users\marcos.luciano\Documents\intellij\wildfly-26.1.0.Final\standalone\deployments
2022-05-06 14:25:17,904 INFO  [org.jboss.ws.common.management] (MSC service thread 1-8) JBWS022052: Starting JBossWS 5.4.4.Final (Apache CXF 3.4.5) 
2022-05-06 14:25:18,040 INFO  [org.jboss.as.server] (Controller Boot Thread) WFLYSRV0212: Resuming server
2022-05-06 14:25:18,042 INFO  [org.jboss.as] (Controller Boot Thread) WFLYSRV0025: WildFly Full 26.1.0.Final (WildFly Core 18.1.0.Final) started in 5164ms - Started 298 of 538 services (337 services are lazy, passive or on-demand) - Server configuration file in use: standalone.xml
2022-05-06 14:25:18,045 INFO  [org.jboss.as] (Controller Boot Thread) WFLYSRV0060: Http management interface listening on http://127.0.0.1:9990/management
2022-05-06 14:25:18,045 INFO  [org.jboss.as] (Controller Boot Thread) WFLYSRV0051: Admin console listening on http://127.0.0.1:9990
2022-05-06 14:25:19,222 INFO  [org.jboss.as.server.deployment] (MSC service thread 1-8) WFLYSRV0027: Starting deployment of "crudjsp-1.0-SNAPSHOT.war" (runtime-name: "crudjsp-1.0-SNAPSHOT.war")
2022-05-06 14:25:22,272 INFO  [org.jboss.as.jpa] (MSC service thread 1-1) WFLYJPA0002: Read persistence.xml for default
2022-05-06 14:25:22,564 INFO  [org.jipijapa] (MSC service thread 1-8) JIPIORMV53020253: Second level cache enabled for crudjsp-1.0-SNAPSHOT.war#default
2022-05-06 14:25:22,829 INFO  [org.jboss.weld.deployer] (MSC service thread 1-3) WFLYWELD0003: Processing weld deployment crudjsp-1.0-SNAPSHOT.war
2022-05-06 14:25:22,993 INFO  [org.infinispan.CONTAINER] (ServerService Thread Pool -- 33) ISPN000128: Infinispan version: Infinispan 'Triskaidekaphobia' 13.0.8.Final
2022-05-06 14:25:23,075 INFO  [org.hibernate.validator.internal.util.Version] (MSC service thread 1-3) HV000001: Hibernate Validator 6.0.23.Final
2022-05-06 14:25:23,099 INFO  [org.infinispan.CONTAINER] (ServerService Thread Pool -- 33) ISPN000556: Starting user marshaller 'org.wildfly.clustering.infinispan.marshalling.jboss.JBossMarshaller'
2022-05-06 14:25:23,406 INFO  [org.infinispan.CONTAINER] (ServerService Thread Pool -- 78) ISPN000556: Starting user marshaller 'org.wildfly.clustering.infinispan.spi.marshalling.InfinispanProtoStreamMarshaller'
2022-05-06 14:25:23,452 INFO  [io.jaegertracing.internal.JaegerTracer] (MSC service thread 1-3) No shutdown hook registered: Please call close() manually on application shutdown.
2022-05-06 14:25:23,454 INFO  [org.wildfly.microprofile.opentracing.smallrye] (MSC service thread 1-3) WFLYTRAC0001: Tracer initialized: JaegerTracer(version=Java-1.6.0, serviceName=crudjsp-1.0-SNAPSHOT.war, reporter=RemoteReporter(sender=org.wildfly.extension.microprofile.opentracing.spi.sender.WildFlySender@400f85ba, closeEnqueueTimeout=1000), sampler=ConstSampler(decision=true, tags={sampler.type=const, sampler.param=true}), tags={hostname=M-2890, jaeger.version=Java-1.6.0, ip=192.168.56.1}, zipkinSharedRpcSpan=false, expandExceptionLogs=false, useTraceId128Bit=false)
2022-05-06 14:25:23,508 INFO  [org.jipijapa] (MSC service thread 1-1) JIPIORMV53020253: Second level cache enabled for crudjsp-1.0-SNAPSHOT.war#default
2022-05-06 14:25:23,572 INFO  [org.jboss.as.jpa] (ServerService Thread Pool -- 78) WFLYJPA0010: Starting Persistence Unit (phase 1 of 2) Service 'crudjsp-1.0-SNAPSHOT.war#default'
2022-05-06 14:25:23,580 INFO  [org.infinispan.CONFIG] (MSC service thread 1-7) ISPN000152: Passivation configured without an eviction policy being selected. Only manually evicted entities will be passivated.
2022-05-06 14:25:23,582 INFO  [org.infinispan.CONFIG] (MSC service thread 1-7) ISPN000152: Passivation configured without an eviction policy being selected. Only manually evicted entities will be passivated.
2022-05-06 14:25:23,606 INFO  [org.infinispan.CONTAINER] (ServerService Thread Pool -- 33) ISPN000025: wakeUpInterval is <= 0, not starting expired purge thread
2022-05-06 14:25:23,610 INFO  [org.jboss.as.clustering.infinispan] (ServerService Thread Pool -- 33) WFLYCLINF0002: Started http-remoting-connector cache from ejb container
2022-05-06 14:25:23,624 INFO  [org.hibernate.jpa.internal.util.LogHelper] (ServerService Thread Pool -- 78) HHH000204: Processing PersistenceUnitInfo [
	name: default
	...]
2022-05-06 14:25:23,678 INFO  [org.jboss.weld.Version] (MSC service thread 1-1) WELD-000900: 3.1.9 (Final)
2022-05-06 14:25:23,718 INFO  [org.hibernate.Version] (ServerService Thread Pool -- 78) HHH000412: Hibernate Core {5.3.24.Final}
2022-05-06 14:25:23,719 INFO  [org.hibernate.cfg.Environment] (ServerService Thread Pool -- 78) HHH000206: hibernate.properties not found
2022-05-06 14:25:23,905 INFO  [org.hibernate.annotations.common.Version] (ServerService Thread Pool -- 78) HCANN000001: Hibernate Commons Annotations {5.0.5.Final}
2022-05-06 14:25:24,005 INFO  [org.jboss.as.jpa] (ServerService Thread Pool -- 78) WFLYJPA0010: Starting Persistence Unit (phase 2 of 2) Service 'crudjsp-1.0-SNAPSHOT.war#default'
2022-05-06 14:25:24,583 INFO  [org.hibernate.dialect.Dialect] (ServerService Thread Pool -- 78) HHH000400: Using dialect: org.hibernate.dialect.PostgreSQL95Dialect
2022-05-06 14:25:25,269 INFO  [org.hibernate.engine.jdbc.env.internal.LobCreatorBuilderImpl] (ServerService Thread Pool -- 78) HHH000424: Disabling contextual LOB creation as createClob() method threw error : java.lang.reflect.InvocationTargetException
2022-05-06 14:25:25,274 INFO  [org.hibernate.type.BasicTypeRegistry] (ServerService Thread Pool -- 78) HHH000270: Type registration [java.util.UUID] overrides previous : org.hibernate.type.UUIDBinaryType@527b328
2022-05-06 14:25:25,281 INFO  [org.hibernate.envers.boot.internal.EnversServiceImpl] (ServerService Thread Pool -- 78) Envers integration enabled? : true
2022-05-06 14:25:26,032 INFO  [javax.enterprise.resource.webcontainer.jsf.config] (ServerService Thread Pool -- 11) Inicializando Mojarra 2.3.17.SP01 para o contexto '/crudjsp-1.0-SNAPSHOT'
2022-05-06 14:25:26,691 INFO  [org.wildfly.extension.undertow] (ServerService Thread Pool -- 11) WFLYUT0021: Registered web context: '/crudjsp-1.0-SNAPSHOT' for server 'default-server'
2022-05-06 14:25:26,730 INFO  [org.jboss.as.server] (management-handler-thread - 1) WFLYSRV0010: Deployed "crudjsp-1.0-SNAPSHOT.war" (runtime-name : "crudjsp-1.0-SNAPSHOT.war")
2022-05-06 17:57:29,888 INFO  [org.wildfly.extension.undertow] (ServerService Thread Pool -- 11) WFLYUT0022: Unregistered web context: '/crudjsp-1.0-SNAPSHOT' from server 'default-server'
2022-05-06 17:57:29,961 INFO  [org.jboss.as.jpa] (ServerService Thread Pool -- 90) WFLYJPA0011: Stopping Persistence Unit (phase 2 of 2) Service 'crudjsp-1.0-SNAPSHOT.war#default'
2022-05-06 17:57:29,984 INFO  [org.hibernate.orm.beans] (ServerService Thread Pool -- 90) HHH10005004: Stopping BeanContainer : org.hibernate.resource.beans.container.internal.CdiBeanContainerExtendedAccessImpl@5ec20288
2022-05-06 17:57:29,993 INFO  [org.jboss.as.jpa] (ServerService Thread Pool -- 90) WFLYJPA0011: Stopping Persistence Unit (phase 1 of 2) Service 'crudjsp-1.0-SNAPSHOT.war#default'
2022-05-06 17:57:30,154 INFO  [org.jboss.as.server.deployment] (MSC service thread 1-4) WFLYSRV0028: Stopped deployment crudjsp-1.0-SNAPSHOT.war (runtime-name: crudjsp-1.0-SNAPSHOT.war) in 290ms
2022-05-06 17:57:30,436 INFO  [org.jboss.as.server] (management-handler-thread - 2) WFLYSRV0009: Undeployed "crudjsp-1.0-SNAPSHOT.war" (runtime-name: "crudjsp-1.0-SNAPSHOT.war")
2022-05-06 17:57:30,575 INFO  [org.jboss.as.server] (management-handler-thread - 2) WFLYSRV0272: Suspending server
2022-05-06 17:57:30,580 INFO  [org.jboss.as.ejb3] (management-handler-thread - 2) WFLYEJB0493: Jakarta Enterprise Beans subsystem suspension complete
2022-05-06 17:57:30,581 INFO  [org.jboss.as.server] (Management Triggered Shutdown) WFLYSRV0241: Shutting down in response to management operation 'shutdown'
2022-05-06 17:57:30,595 INFO  [org.jboss.as.connector.subsystems.datasources] (MSC service thread 1-4) WFLYJCA0010: Unbound data source [java:jboss/datasources/CrudDS]
2022-05-06 17:57:30,610 INFO  [org.jboss.as.mail.extension] (MSC service thread 1-1) WFLYMAIL0002: Unbound mail session [java:jboss/mail/Default]
2022-05-06 17:57:30,611 INFO  [org.wildfly.extension.undertow] (MSC service thread 1-1) WFLYUT0019: Host default-host stopping
2022-05-06 17:57:30,613 INFO  [org.wildfly.extension.undertow] (MSC service thread 1-4) WFLYUT0008: Undertow HTTPS listener https suspending
2022-05-06 17:57:30,614 INFO  [org.wildfly.extension.undertow] (MSC service thread 1-4) WFLYUT0007: Undertow HTTPS listener https stopped, was bound to 127.0.0.1:8443
2022-05-06 17:57:30,629 INFO  [org.jboss.as.connector.deployers.jdbc] (MSC service thread 1-7) WFLYJCA0019: Stopped Driver service with driver-name = postgresql
2022-05-06 17:57:30,669 INFO  [org.wildfly.extension.undertow] (MSC service thread 1-1) WFLYUT0008: Undertow HTTP listener default suspending
2022-05-06 17:57:30,670 INFO  [org.wildfly.extension.undertow] (MSC service thread 1-1) WFLYUT0007: Undertow HTTP listener default stopped, was bound to 127.0.0.1:8080
2022-05-06 17:57:30,671 INFO  [org.wildfly.extension.undertow] (MSC service thread 1-5) WFLYUT0004: Undertow 2.2.16.Final stopping
2022-05-06 17:57:30,671 INFO  [org.jboss.as.clustering.infinispan] (ServerService Thread Pool -- 90) WFLYCLINF0003: Stopped http-remoting-connector cache from ejb container
2022-05-06 17:57:30,689 INFO  [org.jboss.as] (MSC service thread 1-4) WFLYSRV0050: WildFly Full 26.1.0.Final (WildFly Core 18.1.0.Final) stopped in 96ms
